Línea 15: la clase HookMenu.XpMenu del control XpMenu2 no era una clase de control cargada.
Línea 167: la clase MSComctlLib.StatusBar del control StatusBar1 no era una clase de control cargada.
Línea 18: el nombre de la propiedad _ExtentX de XpMenu2 no es válido.
Línea 19: el nombre de la propiedad _ExtentY de XpMenu2 no es válido.
Línea 20: el nombre de la propiedad BitmapSize de XpMenu2 no es válido.
Línea 21: el nombre de la propiedad BmpCount de XpMenu2 no es válido.
Línea 22: el nombre de la propiedad CheckBorderColor de XpMenu2 no es válido.
Línea 23: el nombre de la propiedad SelMenuBorder de XpMenu2 no es válido.
Línea 24: el nombre de la propiedad SelMenuBackColor de XpMenu2 no es válido.
Línea 25: el nombre de la propiedad SelMenuForeColor de XpMenu2 no es válido.
Línea 26: el nombre de la propiedad SelCheckBackColor de XpMenu2 no es válido.
Línea 27: el nombre de la propiedad MenuBorderColor de XpMenu2 no es válido.
Línea 28: el nombre de la propiedad SeparatorColor de XpMenu2 no es válido.
Línea 29: el nombre de la propiedad MenuBackColor de XpMenu2 no es válido.
Línea 30: el nombre de la propiedad MenuForeColor de XpMenu2 no es válido.
Línea 31: el nombre de la propiedad CheckBackColor de XpMenu2 no es válido.
Línea 32: el nombre de la propiedad CheckForeColor de XpMenu2 no es válido.
Línea 33: el nombre de la propiedad DisabledMenuBorderColor de XpMenu2 no es válido.
Línea 34: el nombre de la propiedad DisabledMenuBackColor de XpMenu2 no es válido.
Línea 35: el nombre de la propiedad DisabledMenuForeColor de XpMenu2 no es válido.
Línea 36: el nombre de la propiedad MenuBarBackColor de XpMenu2 no es válido.
Línea 37: el nombre de la propiedad MenuPopupBackColor de XpMenu2 no es válido.
Línea 38: el nombre de la propiedad ShortCutNormalColor de XpMenu2 no es válido.
Línea 39: el nombre de la propiedad ShortCutSelectColor de XpMenu2 no es válido.
Línea 40: el nombre de la propiedad ArrowNormalColor de XpMenu2 no es válido.
Línea 41: el nombre de la propiedad ArrowSelectColor de XpMenu2 no es válido.
Línea 42: el nombre de la propiedad ShadowColor de XpMenu2 no es válido.
Línea 43: el nombre de la propiedad Bmp:1 de XpMenu2 no es válido.
Línea 44: el nombre de la propiedad Key:1 de XpMenu2 no es válido.
Línea 45: el nombre de la propiedad Bmp:2 de XpMenu2 no es válido.
Línea 46: el nombre de la propiedad Key:2 de XpMenu2 no es válido.
Línea 47: el nombre de la propiedad Bmp:3 de XpMenu2 no es válido.
Línea 48: el nombre de la propiedad Key:3 de XpMenu2 no es válido.
Línea 49: el nombre de la propiedad Bmp:4 de XpMenu2 no es válido.
Línea 50: el nombre de la propiedad Key:4 de XpMenu2 no es válido.
Línea 51: el nombre de la propiedad Bmp:5 de XpMenu2 no es válido.
Línea 52: el nombre de la propiedad Key:5 de XpMenu2 no es válido.
Línea 53: el nombre de la propiedad Bmp:6 de XpMenu2 no es válido.
Línea 54: el nombre de la propiedad Key:6 de XpMenu2 no es válido.
Línea 55: el nombre de la propiedad Bmp:7 de XpMenu2 no es válido.
Línea 56: el nombre de la propiedad Key:7 de XpMenu2 no es válido.
Línea 57: el nombre de la propiedad Bmp:8 de XpMenu2 no es válido.
Línea 58: el nombre de la propiedad Mask:8 de XpMenu2 no es válido.
Línea 59: el nombre de la propiedad Key:8 de XpMenu2 no es válido.
Línea 60: el nombre de la propiedad Bmp:9 de XpMenu2 no es válido.
Línea 61: el nombre de la propiedad Mask:9 de XpMenu2 no es válido.
Línea 62: el nombre de la propiedad Key:9 de XpMenu2 no es válido.
Línea 63: el nombre de la propiedad Bmp:10 de XpMenu2 no es válido.
Línea 64: el nombre de la propiedad Mask:10 de XpMenu2 no es válido.
Línea 65: el nombre de la propiedad Key:10 de XpMenu2 no es válido.
Línea 66: el nombre de la propiedad Bmp:11 de XpMenu2 no es válido.
Línea 67: el nombre de la propiedad Key:11 de XpMenu2 no es válido.
Línea 68: el nombre de la propiedad Bmp:12 de XpMenu2 no es válido.
Línea 69: el nombre de la propiedad Key:12 de XpMenu2 no es válido.
Línea 70: el nombre de la propiedad Bmp:13 de XpMenu2 no es válido.
Línea 71: el nombre de la propiedad Key:13 de XpMenu2 no es válido.
Línea 72: el nombre de la propiedad Bmp:14 de XpMenu2 no es válido.
Línea 73: el nombre de la propiedad Key:14 de XpMenu2 no es válido.
Línea 74: el nombre de la propiedad Bmp:15 de XpMenu2 no es válido.
Línea 75: el nombre de la propiedad Key:15 de XpMenu2 no es válido.
Línea 76: el nombre de la propiedad Bmp:16 de XpMenu2 no es válido.
Línea 77: el nombre de la propiedad Mask:16 de XpMenu2 no es válido.
Línea 78: el nombre de la propiedad Key:16 de XpMenu2 no es válido.
Línea 79: el nombre de la propiedad Bmp:17 de XpMenu2 no es válido.
Línea 80: el nombre de la propiedad Key:17 de XpMenu2 no es válido.
Línea 81: el nombre de la propiedad Bmp:18 de XpMenu2 no es válido.
Línea 82: el nombre de la propiedad Key:18 de XpMenu2 no es válido.
Línea 83: el nombre de la propiedad Bmp:19 de XpMenu2 no es válido.
Línea 84: el nombre de la propiedad Key:19 de XpMenu2 no es válido.
Línea 85: el nombre de la propiedad Bmp:20 de XpMenu2 no es válido.
Línea 86: el nombre de la propiedad Key:20 de XpMenu2 no es válido.
Línea 87: el nombre de la propiedad Bmp:21 de XpMenu2 no es válido.
Línea 88: el nombre de la propiedad Key:21 de XpMenu2 no es válido.
Línea 89: el nombre de la propiedad Bmp:22 de XpMenu2 no es válido.
Línea 90: el nombre de la propiedad Mask:22 de XpMenu2 no es válido.
Línea 91: el nombre de la propiedad Key:22 de XpMenu2 no es válido.
Línea 92: el nombre de la propiedad Bmp:23 de XpMenu2 no es válido.
Línea 93: el nombre de la propiedad Key:23 de XpMenu2 no es válido.
Línea 94: el nombre de la propiedad Bmp:24 de XpMenu2 no es válido.
Línea 95: el nombre de la propiedad Key:24 de XpMenu2 no es válido.
Línea 96: el nombre de la propiedad Bmp:25 de XpMenu2 no es válido.
Línea 97: el nombre de la propiedad Key:25 de XpMenu2 no es válido.
Línea 98: el nombre de la propiedad Bmp:26 de XpMenu2 no es válido.
Línea 99: el nombre de la propiedad Key:26 de XpMenu2 no es válido.
Línea 100: el nombre de la propiedad Bmp:27 de XpMenu2 no es válido.
Línea 101: el nombre de la propiedad Key:27 de XpMenu2 no es válido.
Línea 102: el nombre de la propiedad Bmp:28 de XpMenu2 no es válido.
Línea 103: el nombre de la propiedad Key:28 de XpMenu2 no es válido.
Línea 104: el nombre de la propiedad Bmp:29 de XpMenu2 no es válido.
Línea 105: el nombre de la propiedad Key:29 de XpMenu2 no es válido.
Línea 106: el nombre de la propiedad Bmp:30 de XpMenu2 no es válido.
Línea 107: el nombre de la propiedad Key:30 de XpMenu2 no es válido.
Línea 108: el nombre de la propiedad Bmp:31 de XpMenu2 no es válido.
Línea 109: el nombre de la propiedad Key:31 de XpMenu2 no es válido.
Línea 110: el nombre de la propiedad Bmp:32 de XpMenu2 no es válido.
Línea 111: el nombre de la propiedad Mask:32 de XpMenu2 no es válido.
Línea 112: el nombre de la propiedad Key:32 de XpMenu2 no es válido.
Línea 113: el nombre de la propiedad Bmp:33 de XpMenu2 no es válido.
Línea 114: el nombre de la propiedad Key:33 de XpMenu2 no es válido.
Línea 115: el nombre de la propiedad Bmp:34 de XpMenu2 no es válido.
Línea 116: el nombre de la propiedad Key:34 de XpMenu2 no es válido.
Línea 117: el nombre de la propiedad Bmp:35 de XpMenu2 no es válido.
Línea 118: el nombre de la propiedad Key:35 de XpMenu2 no es válido.
Línea 119: el nombre de la propiedad Bmp:36 de XpMenu2 no es válido.
Línea 120: el nombre de la propiedad Key:36 de XpMenu2 no es válido.
Línea 121: el nombre de la propiedad Bmp:37 de XpMenu2 no es válido.
Línea 122: el nombre de la propiedad Key:37 de XpMenu2 no es válido.
Línea 123: el nombre de la propiedad Bmp:38 de XpMenu2 no es válido.
Línea 124: el nombre de la propiedad Key:38 de XpMenu2 no es válido.
Línea 125: el nombre de la propiedad Bmp:39 de XpMenu2 no es válido.
Línea 126: el nombre de la propiedad Key:39 de XpMenu2 no es válido.
Línea 127: el nombre de la propiedad Bmp:40 de XpMenu2 no es válido.
Línea 128: el nombre de la propiedad Key:40 de XpMenu2 no es válido.
Línea 129: el nombre de la propiedad Bmp:41 de XpMenu2 no es válido.
Línea 130: el nombre de la propiedad Key:41 de XpMenu2 no es válido.
Línea 131: el nombre de la propiedad Bmp:42 de XpMenu2 no es válido.
Línea 132: el nombre de la propiedad Mask:42 de XpMenu2 no es válido.
Línea 133: el nombre de la propiedad Key:42 de XpMenu2 no es válido.
Línea 134: el nombre de la propiedad Bmp:43 de XpMenu2 no es válido.
Línea 135: el nombre de la propiedad Key:43 de XpMenu2 no es válido.
Línea 136: el nombre de la propiedad Bmp:44 de XpMenu2 no es válido.
Línea 137: el nombre de la propiedad Key:44 de XpMenu2 no es válido.
Línea 138: el nombre de la propiedad Bmp:45 de XpMenu2 no es válido.
Línea 139: el nombre de la propiedad Key:45 de XpMenu2 no es válido.
Línea 140: el nombre de la propiedad Bmp:46 de XpMenu2 no es válido.
Línea 141: el nombre de la propiedad Key:46 de XpMenu2 no es válido.
Línea 142: el nombre de la propiedad Bmp:47 de XpMenu2 no es válido.
Línea 143: el nombre de la propiedad Mask:47 de XpMenu2 no es válido.
Línea 144: el nombre de la propiedad Key:47 de XpMenu2 no es válido.
Línea 145: el nombre de la propiedad Bmp:48 de XpMenu2 no es válido.
Línea 146: el nombre de la propiedad Key:48 de XpMenu2 no es válido.
Línea 147: el nombre de la propiedad Bmp:49 de XpMenu2 no es válido.
Línea 148: el nombre de la propiedad Key:49 de XpMenu2 no es válido.
Línea 149: el nombre de la propiedad Bmp:50 de XpMenu2 no es válido.
Línea 150: el nombre de la propiedad Key:50 de XpMenu2 no es válido.
Línea 151: el nombre de la propiedad Bmp:51 de XpMenu2 no es válido.
Línea 152: el nombre de la propiedad Mask:51 de XpMenu2 no es válido.
Línea 153: el nombre de la propiedad Key:51 de XpMenu2 no es válido.
Línea 154: el nombre de la propiedad Mask:52 de XpMenu2 no es válido.
Línea 155: el nombre de la propiedad Key:52 de XpMenu2 no es válido.
Línea 156: el nombre de la propiedad UseSystemFont de XpMenu2 no es válido.
Línea 174: el nombre de la propiedad _ExtentX de StatusBar1 no es válido.
Línea 175: el nombre de la propiedad _ExtentY de StatusBar1 no es válido.
Línea 176: el nombre de la propiedad _Version de StatusBar1 no es válido.
Línea 201: el nombre de la propiedad Panels de StatusBar1 no es válido.
